<?xml version="1.0" encoding="UTF-8"?>
<!-- Generated by org.testng.reporters.JUnitReportReporter -->
<testsuite hostname="DESKTOP-G37PFUU" failures="0" tests="1" name="Test.ProjectTest" time="82.854" errors="0" timestamp="2024-03-28T12:55:04 IST" skipped="0">
  <testcase classname="Test.ProjectTest" name="operations" time="82.854"/>
  <system-out/>
</testsuite> <!-- Test.ProjectTest -->
